<component name="ProjectRunConfigurationManager">
  <configuration default="false" name="Test-Server" type="JarApplication">
    <option name="JAR_PATH" value="$PROJECT_DIR$/../../privat/Minecraft/spigot.jar" />
    <option name="PROGRAM_PARAMETERS" value="nogui" />
    <option name="WORKING_DIRECTORY" value="C:\Users\alexa\IdeaProjects\privat\Minecraft" />
    <option name="ALTERNATIVE_JRE_PATH" />
    <module name="lbcfs" />
    <method v="2" />
  </configuration>
</component>